<?xml version="1.0" encoding="UTF-8"?>
<!-- Generated by org.testng.reporters.JUnitReportReporter -->
<testsuite hostname="C4T-LDN-11" name="com.Java.MercuryTours.Main" tests="1" failures="0" timestamp="5 Jul 2016 16:15:27 GMT" time="10.798" errors="0">
  <testcase name="checkLinks" time="10.798" classname="com.Java.MercuryTours.Main"/>
</testsuite> <!-- com.Java.MercuryTours.Main -->
